<?xml version="1.0" encoding="UTF-8"?>
<!-- Generated by org.testng.reporters.JUnitReportReporter -->
<testsuite hostname="AIPLLTH545" failures="0" tests="1" name="com.easemygst.automation.testcases.Testrun" time="33.847" errors="0" timestamp="01 Dec 2021 07:41:43 GMT" skipped="0">
  <testcase classname="com.easemygst.automation.testcases.Testrun" name="test" time="33.847"/>
</testsuite> <!-- com.easemygst.automation.testcases.Testrun -->
