<?xml version="1.0" encoding="UTF-8"?>
<!-- Generated by org.testng.reporters.JUnitReportReporter -->
<testsuite hostname="AIPLLTH372" failures="0" tests="14" name="com.easemygst.automation.testcases.Search_Functionality" time="125.632" errors="0" timestamp="11 Oct 2022 07:21:49 GMT" skipped="13">
  <testcase classname="com.easemygst.automation.testcases.Search_Functionality" name="filterByDate" time="125.632"/>
  <testcase classname="com.easemygst.automation.testcases.Search_Functionality" name="updateCancelTerminated">
    <skipped/>
  </testcase> <!-- updateCancelTerminated -->
  <testcase classname="com.easemygst.automation.testcases.Search_Functionality" name="searchCancelled">
    <skipped/>
  </testcase> <!-- searchCancelled -->
  <testcase classname="com.easemygst.automation.testcases.Search_Functionality" name="customSearch">
    <skipped/>
  </testcase> <!-- customSearch -->
  <testcase classname="com.easemygst.automation.testcases.Search_Functionality" name="searchNewOrProgress">
    <skipped/>
  </testcase> <!-- searchNewOrProgress -->
  <testcase classname="com.easemygst.automation.testcases.Search_Functionality" name="preExecuteStatus">
    <skipped/>
  </testcase> <!-- preExecuteStatus -->
  <testcase classname="com.easemygst.automation.testcases.Search_Functionality" name="searchUpdated">
    <skipped/>
  </testcase> <!-- searchUpdated -->
  <testcase classname="com.easemygst.automation.testcases.Search_Functionality" name="updateCancelGenerated">
    <skipped/>
  </testcase> <!-- updateCancelGenerated -->
  <testcase classname="com.easemygst.automation.testcases.Search_Functionality" name="postExecuteStatus">
    <skipped/>
  </testcase> <!-- postExecuteStatus -->
  <testcase classname="com.easemygst.automation.testcases.Search_Functionality" name="searchRejected">
    <skipped/>
  </testcase> <!-- searchRejected -->
  <testcase classname="com.easemygst.automation.testcases.Search_Functionality" name="searchfilters">
    <skipped/>
  </testcase> <!-- searchfilters -->
  <testcase classname="com.easemygst.automation.testcases.Search_Functionality" name="searchExtended">
    <skipped/>
  </testcase> <!-- searchExtended -->
  <testcase classname="com.easemygst.automation.testcases.Search_Functionality" name="searchGenerated">
    <skipped/>
  </testcase> <!-- searchGenerated -->
  <testcase classname="com.easemygst.automation.testcases.Search_Functionality" name="requestCancelled">
    <skipped/>
  </testcase> <!-- requestCancelled -->
</testsuite> <!-- com.easemygst.automation.testcases.Search_Functionality -->
