<?xml version="1.0" encoding="UTF-8"?>
<!-- Generated by org.testng.reporters.JUnitReportReporter -->
<testsuite hostname="AIPLLTH372" failures="0" tests="1" name="com.easemygst.automation.testcases.Ewb_Pan_India" time="324.700" errors="0" timestamp="27 Sep 2022 06:13:32 GMT" skipped="0">
  <testcase classname="com.easemygst.automation.testcases.Ewb_Pan_India" name="ewbPanIndia" time="324.700"/>
</testsuite> <!-- com.easemygst.automation.testcases.Ewb_Pan_India -->
