<?xml version="1.0" encoding="UTF-8"?>
<!-- Generated by org.testng.reporters.JUnitReportReporter -->
<testsuite hostname="AIPLLTH225" failures="0" tests="4" name="com.easemygst.automation.testcases.Outward_EWayBills" time="66.046" errors="1" timestamp="2023-01-28T10:28:23 IST" skipped="3">
  <testcase classname="com.easemygst.automation.testcases.Outward_EWayBills" name="eWaybillV12A" time="66.046">
    <error message="C:\Users\ppgovindavajjula\Documents\Easemygst\src\test\resources\Sikuli\Capture.PNG: (271x35) in R[0,0 1280x720]@S(0)" type="org.sikuli.script.FindFailed">
      <![CDATA[FindFailed: C:\Users\ppgovindavajjula\Documents\Easemygst\src\test\resources\Sikuli\Capture.PNG: (271x35) in R[0,0 1280x720]@S(0)
  Line 2226, in file Region.java

at org.sikuli.script.Region.wait(Region.java:2226)
at com.easemygst.automation.core.TestActions.uploadFile(TestActions.java:229)
at com.easemygst.automation.pom.Apps.initiateProcess(Apps.java:145)
at com.easemygst.automation.testcases.Outward_EWayBills.eWaybillV12A(Outward_EWayBills.java:61)
at java.base/jdk.internal.reflect.NativeMethodAccessorImpl.invoke0(Native Method)
at java.base/jdk.internal.reflect.NativeMethodAccessorImpl.invoke(NativeMethodAccessorImpl.java:77)
at java.base/jdk.internal.reflect.DelegatingMethodAccessorImpl.invoke(DelegatingMethodAccessorImpl.java:43)
at java.base/java.lang.reflect.Method.invoke(Method.java:568)
at org.testng.internal.MethodInvocationHelper.invokeMethod(MethodInvocationHelper.java:133)
at org.testng.internal.TestInvoker.invokeMethod(TestInvoker.java:598)
at org.testng.internal.TestInvoker.invokeTestMethod(TestInvoker.java:173)
at org.testng.internal.MethodRunner.runInSequence(MethodRunner.java:46)
at org.testng.internal.TestInvoker$MethodInvocationAgent.invoke(TestInvoker.java:824)
at org.testng.internal.TestInvoker.invokeTestMethods(TestInvoker.java:146)
at org.testng.internal.TestMethodWorker.invokeTestMethods(TestMethodWorker.java:146)
at org.testng.internal.TestMethodWorker.run(TestMethodWorker.java:128)
at java.base/java.util.ArrayList.forEach(ArrayList.java:1511)
at org.testng.TestRunner.privateRun(TestRunner.java:794)
at org.testng.TestRunner.run(TestRunner.java:596)
at org.testng.SuiteRunner.runTest(SuiteRunner.java:377)
at org.testng.SuiteRunner.runSequentially(SuiteRunner.java:371)
at org.testng.SuiteRunner.privateRun(SuiteRunner.java:332)
at org.testng.SuiteRunner.run(SuiteRunner.java:276)
at org.testng.SuiteRunnerWorker.runSuite(SuiteRunnerWorker.java:53)
at org.testng.SuiteRunnerWorker.run(SuiteRunnerWorker.java:96)
at org.testng.TestNG.runSuitesSequentially(TestNG.java:1212)
at org.testng.TestNG.runSuitesLocally(TestNG.java:1134)
at org.testng.TestNG.runSuites(TestNG.java:1063)
at org.testng.TestNG.run(TestNG.java:1031)
at org.testng.remote.AbstractRemoteTestNG.run(AbstractRemoteTestNG.java:115)
at org.testng.remote.RemoteTestNG.initAndRun(RemoteTestNG.java:251)
at org.testng.remote.RemoteTestNG.main(RemoteTestNG.java:77)
]]>
    </error>
  </testcase> <!-- eWaybillV12A -->
  <system-out/>
  <testcase classname="com.easemygst.automation.testcases.Outward_EWayBills" name="consolidatedEWayBills">
    <skipped/>
  </testcase> <!-- consolidatedEWayBills -->
  <system-out/>
  <testcase classname="com.easemygst.automation.testcases.Outward_EWayBills" name="eWayBillErrorReport">
    <skipped/>
  </testcase> <!-- eWayBillErrorReport -->
  <system-out/>
  <testcase classname="com.easemygst.automation.testcases.Outward_EWayBills" name="jsonDownload">
    <skipped/>
  </testcase> <!-- jsonDownload -->
  <system-out/>
</testsuite> <!-- com.easemygst.automation.testcases.Outward_EWayBills -->
